2021-08-19 20:24:58,812 ************************** Test Execution Started ************************************ 
2021-08-19 20:25:52,735 Google search test: Test started 
2021-08-19 20:26:43,128 Google search test : Test Passed 
2021-08-19 20:26:48,362 Total number of testcases : 1 
2021-08-19 20:26:48,362 Number of testcases Passed : 1 
2021-08-19 20:26:48,362 Number of testcases Failed : 0 
2021-08-19 20:26:48,362 Number of testcases Skipped  : 0 
2021-08-19 20:26:48,428 Mail sending toggel is set to false 
2021-08-19 20:26:48,428 Mail sent : false 
2021-08-19 20:26:48,428 ************************** Test Execution Finished ************************************ 
2021-08-19 20:35:28,025 ************************** Test Execution Started ************************************ 
2021-08-19 20:35:32,898 Google search test: Test started 
2021-08-19 20:36:30,637 Google search test : Test Passed 
2021-08-19 20:36:35,570 Total number of testcases : 1 
2021-08-19 20:36:35,570 Number of testcases Passed : 1 
2021-08-19 20:36:35,570 Number of testcases Failed : 0 
2021-08-19 20:36:35,570 Number of testcases Skipped  : 0 
2021-08-19 20:36:35,571 Mail sending toggel is set to false 
2021-08-19 20:36:35,571 Mail sent : false 
2021-08-19 20:36:35,571 ************************** Test Execution Finished ************************************ 
2021-08-19 20:39:09,338 ************************** Test Execution Started ************************************ 
2021-08-19 20:39:12,256 Google search test: Test started 
2021-08-19 20:40:02,301 Google search test : Test Passed 
2021-08-19 20:40:07,239 Total number of testcases : 1 
2021-08-19 20:40:07,239 Number of testcases Passed : 1 
2021-08-19 20:40:07,239 Number of testcases Failed : 0 
2021-08-19 20:40:07,239 Number of testcases Skipped  : 0 
2021-08-19 20:40:07,240 Mail sending toggel is set to false 
2021-08-19 20:40:07,240 Mail sent : false 
2021-08-19 20:40:07,240 ************************** Test Execution Finished ************************************ 
2021-08-19 16:35:04,126 ************************** Test Execution Started ************************************ 
2021-08-19 16:35:10,543 Google search test: Test started 
2021-08-19 16:35:11,947 Google search test : Test Failed : element not interactable
  (Session info: chrome=92.0.4515.159)
Build info: version: '3.141.59', revision: 'e82be7d358', time: '2018-11-14T08:17:03'
System info: host: 'JOSEPH', ip: '192.168.28.1', os.name: 'Windows 10', os.arch: 'amd64', os.version: '10.0', java.version: '14.0.2'
Driver info: org.openqa.selenium.chrome.ChromeDriver
Capabilities {acceptInsecureCerts: false, browserName: chrome, browserVersion: 92.0.4515.159, chrome: {chromedriverVersion: 92.0.4515.107 (87a818b10553..., userDataDir: C:\Users\35389\AppData\Loca...}, goog:chromeOptions: {debuggerAddress: localhost:54368}, javascriptEnabled: true, networkConnectionEnabled: false, pageLoadStrategy: normal, platform: WINDOWS, platformName: WINDOWS, proxy: Proxy(), setWindowRect: true, strictFileInteractability: false, timeouts: {implicit: 0, pageLoad: 300000, script: 30000}, unhandledPromptBehavior: dismiss and notify, webauthn:extension:credBlob: true, webauthn:extension:largeBlob: true, webauthn:virtualAuthenticators: true}
Session ID: cc072396fb37ee0cf92b7762d17738c3 
2021-08-19 16:35:13,192 Total number of testcases : 1 
2021-08-19 16:35:13,192 Number of testcases Passed : 0 
2021-08-19 16:35:13,192 Number of testcases Failed : 1 
2021-08-19 16:35:13,192 Number of testcases Skipped  : 0 
2021-08-19 16:35:13,192 Mail sending toggel is set to false 
2021-08-19 16:35:13,192 Mail sent : false 
2021-08-19 16:35:13,192 ************************** Test Execution Finished ************************************ 
2021-08-19 16:41:23,973 ************************** Test Execution Started ************************************ 
2021-08-19 16:41:26,790 Google search test: Test started 
2021-08-19 16:41:28,335 Google search test : Test Failed : element not interactable
  (Session info: chrome=92.0.4515.159)
Build info: version: '3.141.59', revision: 'e82be7d358', time: '2018-11-14T08:17:03'
System info: host: 'JOSEPH', ip: '192.168.28.1', os.name: 'Windows 10', os.arch: 'amd64', os.version: '10.0', java.version: '14.0.2'
Driver info: org.openqa.selenium.chrome.ChromeDriver
Capabilities {acceptInsecureCerts: false, browserName: chrome, browserVersion: 92.0.4515.159, chrome: {chromedriverVersion: 92.0.4515.107 (87a818b10553..., userDataDir: C:\Users\35389\AppData\Loca...}, goog:chromeOptions: {debuggerAddress: localhost:63278}, javascriptEnabled: true, networkConnectionEnabled: false, pageLoadStrategy: normal, platform: WINDOWS, platformName: WINDOWS, proxy: Proxy(), setWindowRect: true, strictFileInteractability: false, timeouts: {implicit: 0, pageLoad: 300000, script: 30000}, unhandledPromptBehavior: dismiss and notify, webauthn:extension:credBlob: true, webauthn:extension:largeBlob: true, webauthn:virtualAuthenticators: true}
Session ID: 1f5d42cf76fe63ab13f3135e344df223 
2021-08-19 16:41:33,456 Total number of testcases : 1 
2021-08-19 16:41:33,456 Number of testcases Passed : 0 
2021-08-19 16:41:33,456 Number of testcases Failed : 1 
2021-08-19 16:41:33,456 Number of testcases Skipped  : 0 
2021-08-19 16:41:33,457 Mail sending toggel is set to false 
2021-08-19 16:41:33,457 Mail sent : false 
2021-08-19 16:41:33,457 ************************** Test Execution Finished ************************************ 
2021-08-19 16:44:56,104 ************************** Test Execution Started ************************************ 
2021-08-19 16:44:58,826 Google search test: Test started 
2021-08-19 16:45:11,694 Google search test : Test Failed : no such element: Unable to locate element: {"method":"css selector","selector":"*[name='q']"}
  (Session info: chrome=92.0.4515.159)
For documentation on this error, please visit: https://www.seleniumhq.org/exceptions/no_such_element.html
Build info: version: '3.141.59', revision: 'e82be7d358', time: '2018-11-14T08:17:03'
System info: host: 'JOSEPH', ip: '192.168.28.1', os.name: 'Windows 10', os.arch: 'amd64', os.version: '10.0', java.version: '14.0.2'
Driver info: org.openqa.selenium.chrome.ChromeDriver
Capabilities {acceptInsecureCerts: false, browserName: chrome, browserVersion: 92.0.4515.159, chrome: {chromedriverVersion: 92.0.4515.107 (87a818b10553..., userDataDir: C:\Users\35389\AppData\Loca...}, goog:chromeOptions: {debuggerAddress: localhost:52533}, javascriptEnabled: true, networkConnectionEnabled: false, pageLoadStrategy: normal, platform: WINDOWS, platformName: WINDOWS, proxy: Proxy(), setWindowRect: true, strictFileInteractability: false, timeouts: {implicit: 0, pageLoad: 300000, script: 30000}, unhandledPromptBehavior: dismiss and notify, webauthn:extension:credBlob: true, webauthn:extension:largeBlob: true, webauthn:virtualAuthenticators: true}
Session ID: 999ff2eec2444c1cc5cc427a2639cf6b
*** Element info: {Using=name, value=q} 
2021-08-19 16:45:13,001 Total number of testcases : 1 
2021-08-19 16:45:13,001 Number of testcases Passed : 0 
2021-08-19 16:45:13,001 Number of testcases Failed : 1 
2021-08-19 16:45:13,001 Number of testcases Skipped  : 0 
2021-08-19 16:45:13,002 Mail sending toggel is set to false 
2021-08-19 16:45:13,003 Mail sent : false 
2021-08-19 16:45:13,003 ************************** Test Execution Finished ************************************ 
2021-08-19 16:46:15,438 ************************** Test Execution Started ************************************ 
2021-08-19 16:46:18,135 Google search test: Test started 
2021-08-19 16:46:30,945 Google search test : Test Failed : no such element: Unable to locate element: {"method":"css selector","selector":"*[name='q']"}
  (Session info: chrome=92.0.4515.159)
For documentation on this error, please visit: https://www.seleniumhq.org/exceptions/no_such_element.html
Build info: version: '3.141.59', revision: 'e82be7d358', time: '2018-11-14T08:17:03'
System info: host: 'JOSEPH', ip: '192.168.28.1', os.name: 'Windows 10', os.arch: 'amd64', os.version: '10.0', java.version: '14.0.2'
Driver info: org.openqa.selenium.chrome.ChromeDriver
Capabilities {acceptInsecureCerts: false, browserName: chrome, browserVersion: 92.0.4515.159, chrome: {chromedriverVersion: 92.0.4515.107 (87a818b10553..., userDataDir: C:\Users\35389\AppData\Loca...}, goog:chromeOptions: {debuggerAddress: localhost:61654}, javascriptEnabled: true, networkConnectionEnabled: false, pageLoadStrategy: normal, platform: WINDOWS, platformName: WINDOWS, proxy: Proxy(), setWindowRect: true, strictFileInteractability: false, timeouts: {implicit: 0, pageLoad: 300000, script: 30000}, unhandledPromptBehavior: dismiss and notify, webauthn:extension:credBlob: true, webauthn:extension:largeBlob: true, webauthn:virtualAuthenticators: true}
Session ID: d3ca1e1b2c99cbf4410a8e608c3be322
*** Element info: {Using=name, value=q} 
2021-08-19 16:46:32,377 Total number of testcases : 1 
2021-08-19 16:46:32,378 Number of testcases Passed : 0 
2021-08-19 16:46:32,378 Number of testcases Failed : 1 
2021-08-19 16:46:32,378 Number of testcases Skipped  : 0 
2021-08-19 16:46:32,378 Mail sending toggel is set to false 
2021-08-19 16:46:32,379 Mail sent : false 
2021-08-19 16:46:32,379 ************************** Test Execution Finished ************************************ 
2021-08-19 16:47:26,809 ************************** Test Execution Started ************************************ 
2021-08-19 16:47:29,455 Google search test: Test started 
2021-08-19 16:47:35,033 Google search test : Test Passed 
2021-08-19 16:47:36,334 Total number of testcases : 1 
2021-08-19 16:47:36,335 Number of testcases Passed : 1 
2021-08-19 16:47:36,335 Number of testcases Failed : 0 
2021-08-19 16:47:36,335 Number of testcases Skipped  : 0 
2021-08-19 16:47:36,336 Mail sending toggel is set to false 
2021-08-19 16:47:36,336 Mail sent : false 
2021-08-19 16:47:36,336 ************************** Test Execution Finished ************************************ 
2021-08-19 16:59:58,576 ************************** Test Execution Started ************************************ 
2021-08-19 17:00:01,188 Google search test: Test started 
2021-08-19 17:00:06,771 Google search test : Test Passed 
2021-08-19 17:00:07,991 Total number of testcases : 1 
2021-08-19 17:00:07,991 Number of testcases Passed : 1 
2021-08-19 17:00:07,991 Number of testcases Failed : 0 
2021-08-19 17:00:07,991 Number of testcases Skipped  : 0 
2021-08-19 17:00:07,992 Mail sending toggel is set to false 
2021-08-19 17:00:07,992 Mail sent : false 
2021-08-19 17:00:07,992 ************************** Test Execution Finished ************************************ 
2021-08-19 18:06:42,422 ************************** Test Execution Started ************************************ 
2021-08-19 18:06:45,293 Google search test: Test started 
2021-08-19 18:06:51,549 Google search test : Test Passed 
2021-08-19 18:06:56,691 Total number of testcases : 1 
2021-08-19 18:06:56,691 Number of testcases Passed : 1 
2021-08-19 18:06:56,691 Number of testcases Failed : 0 
2021-08-19 18:06:56,692 Number of testcases Skipped  : 0 
2021-08-19 18:06:56,692 Mail sending toggel is set to false 
2021-08-19 18:06:56,692 Mail sent : false 
2021-08-19 18:06:56,692 ************************** Test Execution Finished ************************************ 
2021-08-20 13:14:13,174 ************************** Test Execution Started ************************************ 
2021-08-20 13:14:17,615 Google search test: Test started 
2021-08-20 13:14:22,441 Google search test : Test Passed 
2021-08-20 13:14:23,628 Total number of testcases : 1 
2021-08-20 13:14:23,628 Number of testcases Passed : 1 
2021-08-20 13:14:23,628 Number of testcases Failed : 0 
2021-08-20 13:14:23,628 Number of testcases Skipped  : 0 
2021-08-20 13:14:23,629 Mail sending toggel is set to false 
2021-08-20 13:14:23,629 Mail sent : false 
2021-08-20 13:14:23,629 ************************** Test Execution Finished ************************************ 
2021-08-20 13:35:01,594 ************************** Test Execution Started ************************************ 
2021-08-20 13:35:04,988 Facebook login test: Test started 
2021-08-20 13:35:09,295 Facebook login test : Test Failed : invalid selector: Unable to locate an element with the xpath expression //*[contains[text(),'Contact'] because of the following error:
SyntaxError: Failed to execute 'evaluate' on 'Document': The string '//*[contains[text(),'Contact']' is not a valid XPath expression.
  (Session info: chrome=92.0.4515.159)
For documentation on this error, please visit: https://www.seleniumhq.org/exceptions/invalid_selector_exception.html
Build info: version: '3.141.59', revision: 'e82be7d358', time: '2018-11-14T08:17:03'
System info: host: 'JOSEPH', ip: '192.168.28.1', os.name: 'Windows 10', os.arch: 'amd64', os.version: '10.0', java.version: '14.0.2'
Driver info: org.openqa.selenium.chrome.ChromeDriver
Capabilities {acceptInsecureCerts: false, browserName: chrome, browserVersion: 92.0.4515.159, chrome: {chromedriverVersion: 92.0.4515.107 (87a818b10553..., userDataDir: C:\Users\35389\AppData\Loca...}, goog:chromeOptions: {debuggerAddress: localhost:56749}, javascriptEnabled: true, networkConnectionEnabled: false, pageLoadStrategy: normal, platform: WINDOWS, platformName: WINDOWS, proxy: Proxy(), setWindowRect: true, strictFileInteractability: false, timeouts: {implicit: 0, pageLoad: 300000, script: 30000}, unhandledPromptBehavior: dismiss and notify, webauthn:extension:credBlob: true, webauthn:extension:largeBlob: true, webauthn:virtualAuthenticators: true}
Session ID: 10c0dccff37760fcd41692bcfc4323f1
*** Element info: {Using=xpath, value=//*[contains[text(),'Contact']} 
2021-08-20 13:35:12,169 Total number of testcases : 1 
2021-08-20 13:35:12,169 Number of testcases Passed : 0 
2021-08-20 13:35:12,169 Number of testcases Failed : 1 
2021-08-20 13:35:12,169 Number of testcases Skipped  : 0 
2021-08-20 13:35:12,171 Mail sending toggel is set to false 
2021-08-20 13:35:12,171 Mail sent : false 
2021-08-20 13:35:12,171 ************************** Test Execution Finished ************************************ 
2021-08-20 13:36:54,160 ************************** Test Execution Started ************************************ 
2021-08-20 13:36:56,525 Facebook login test: Test started 
2021-08-20 13:37:02,846 Facebook login test : Test Passed 
2021-08-20 13:37:04,808 Total number of testcases : 1 
2021-08-20 13:37:04,808 Number of testcases Passed : 1 
2021-08-20 13:37:04,808 Number of testcases Failed : 0 
2021-08-20 13:37:04,808 Number of testcases Skipped  : 0 
2021-08-20 13:37:04,810 Mail sending toggel is set to false 
2021-08-20 13:37:04,810 Mail sent : false 
2021-08-20 13:37:04,810 ************************** Test Execution Finished ************************************ 
2021-08-20 13:38:23,396 ************************** Test Execution Started ************************************ 
2021-08-20 13:38:25,590 Facebook login test: Test started 
2021-08-20 13:38:31,248 Facebook login test : Test Passed 
2021-08-20 13:38:32,596 Total number of testcases : 1 
2021-08-20 13:38:32,596 Number of testcases Passed : 1 
2021-08-20 13:38:32,596 Number of testcases Failed : 0 
2021-08-20 13:38:32,596 Number of testcases Skipped  : 0 
2021-08-20 13:38:32,596 Mail sending toggel is set to false 
2021-08-20 13:38:32,596 Mail sent : false 
2021-08-20 13:38:32,597 ************************** Test Execution Finished ************************************ 
2021-08-20 14:38:00,216 ************************** Test Execution Started ************************************ 
2021-08-20 14:38:02,545 Facebook login test: Test started 
2021-08-20 14:38:07,760 Facebook login test : Test Passed 
2021-08-20 14:38:08,842 Total number of testcases : 1 
2021-08-20 14:38:08,842 Number of testcases Passed : 1 
2021-08-20 14:38:08,842 Number of testcases Failed : 0 
2021-08-20 14:38:08,842 Number of testcases Skipped  : 0 
2021-08-20 14:38:08,843 Mail sending toggel is set to false 
2021-08-20 14:38:08,843 Mail sent : false 
2021-08-20 14:38:08,843 ************************** Test Execution Finished ************************************ 
2021-08-20 15:21:25,097 ************************** Test Execution Started ************************************ 
2021-08-20 15:21:27,197 Facebook login test: Test started 
2021-08-20 15:21:32,359 Facebook login test : Test Passed 
2021-08-20 15:21:32,894 Total number of testcases : 1 
2021-08-20 15:21:32,894 Number of testcases Passed : 1 
2021-08-20 15:21:32,894 Number of testcases Failed : 0 
2021-08-20 15:21:32,894 Number of testcases Skipped  : 0 
2021-08-20 15:21:32,895 Mail sending toggel is set to false 
2021-08-20 15:21:32,895 Mail sent : false 
2021-08-20 15:21:32,895 ************************** Test Execution Finished ************************************ 
2021-08-20 15:34:29,174 ************************** Test Execution Started ************************************ 
2021-08-20 15:34:31,390 Facebook login test: Test started 
2021-08-20 15:34:36,852 Facebook login test : Test Passed 
2021-08-20 15:34:37,321 Total number of testcases : 1 
2021-08-20 15:34:37,321 Number of testcases Passed : 1 
2021-08-20 15:34:37,321 Number of testcases Failed : 0 
2021-08-20 15:34:37,321 Number of testcases Skipped  : 0 
2021-08-20 15:34:37,322 Mail sending toggel is set to false 
2021-08-20 15:34:37,322 Mail sent : false 
2021-08-20 15:34:37,322 ************************** Test Execution Finished ************************************ 
2021-08-20 15:40:03,263 ************************** Test Execution Started ************************************ 
2021-08-20 15:40:05,089 Facebook login test: Test started 
2021-08-20 15:40:10,541 Facebook login test : Test Passed 
2021-08-20 15:40:11,084 Total number of testcases : 1 
2021-08-20 15:40:11,084 Number of testcases Passed : 1 
2021-08-20 15:40:11,084 Number of testcases Failed : 0 
2021-08-20 15:40:11,085 Number of testcases Skipped  : 0 
2021-08-20 15:40:11,085 Mail sending toggel is set to false 
2021-08-20 15:40:11,085 Mail sent : false 
2021-08-20 15:40:11,085 ************************** Test Execution Finished ************************************ 
2021-08-20 15:41:17,247 ************************** Test Execution Started ************************************ 
2021-08-20 15:41:18,920 Facebook login test: Test started 
2021-08-20 15:41:23,228 Facebook login test : Test Passed 
2021-08-20 15:41:23,652 Total number of testcases : 1 
2021-08-20 15:41:23,652 Number of testcases Passed : 1 
2021-08-20 15:41:23,652 Number of testcases Failed : 0 
2021-08-20 15:41:23,652 Number of testcases Skipped  : 0 
2021-08-20 15:41:23,652 Mail sending toggel is set to false 
2021-08-20 15:41:23,652 Mail sent : false 
2021-08-20 15:41:23,652 ************************** Test Execution Finished ************************************ 
2021-08-20 15:50:45,434 ************************** Test Execution Started ************************************ 
2021-08-20 15:50:47,761 Facebook login test: Test started 
2021-08-20 15:50:53,778 Facebook login test : Test Passed 
2021-08-20 15:50:54,286 Total number of testcases : 1 
2021-08-20 15:50:54,286 Number of testcases Passed : 1 
2021-08-20 15:50:54,286 Number of testcases Failed : 0 
2021-08-20 15:50:54,286 Number of testcases Skipped  : 0 
2021-08-20 15:50:54,287 Mail sending toggel is set to false 
2021-08-20 15:50:54,287 Mail sent : false 
2021-08-20 15:50:54,287 ************************** Test Execution Finished ************************************ 
2021-08-20 15:52:19,337 ************************** Test Execution Started ************************************ 
2021-08-20 15:52:21,175 Facebook login test: Test started 
2021-08-20 15:52:26,631 Facebook login test : Test Passed 
2021-08-20 15:52:27,092 Total number of testcases : 1 
2021-08-20 15:52:27,092 Number of testcases Passed : 1 
2021-08-20 15:52:27,092 Number of testcases Failed : 0 
2021-08-20 15:52:27,092 Number of testcases Skipped  : 0 
2021-08-20 15:52:27,092 Mail sending toggel is set to false 
2021-08-20 15:52:27,092 Mail sent : false 
2021-08-20 15:52:27,092 ************************** Test Execution Finished ************************************ 
2021-08-20 15:56:39,171 ************************** Test Execution Started ************************************ 
2021-08-20 15:56:40,870 Facebook login test: Test started 
2021-08-20 15:56:45,246 Facebook login test : Test Passed 
2021-08-20 15:56:45,701 Total number of testcases : 1 
2021-08-20 15:56:45,701 Number of testcases Passed : 1 
2021-08-20 15:56:45,701 Number of testcases Failed : 0 
2021-08-20 15:56:45,701 Number of testcases Skipped  : 0 
2021-08-20 15:56:45,701 Mail sending toggel is set to false 
2021-08-20 15:56:45,702 Mail sent : false 
2021-08-20 15:56:45,702 ************************** Test Execution Finished ************************************ 
2021-08-20 16:09:55,247 ************************** Test Execution Started ************************************ 
2021-08-20 16:09:57,842 Facebook login test: Test started 
2021-08-20 16:10:13,579 Facebook login test : Test Failed : no such element: Unable to locate element: {"method":"xpath","selector":"Next_Step_Comments__c"}
  (Session info: chrome=92.0.4515.159)
For documentation on this error, please visit: https://www.seleniumhq.org/exceptions/no_such_element.html
Build info: version: '3.141.59', revision: 'e82be7d358', time: '2018-11-14T08:17:03'
System info: host: 'JOSEPH', ip: '192.168.28.1', os.name: 'Windows 10', os.arch: 'amd64', os.version: '10.0', java.version: '14.0.2'
Driver info: org.openqa.selenium.chrome.ChromeDriver
Capabilities {acceptInsecureCerts: false, browserName: chrome, browserVersion: 92.0.4515.159, chrome: {chromedriverVersion: 92.0.4515.107 (87a818b10553..., userDataDir: C:\Users\35389\AppData\Loca...}, goog:chromeOptions: {debuggerAddress: localhost:59781}, javascriptEnabled: true, networkConnectionEnabled: false, pageLoadStrategy: normal, platform: WINDOWS, platformName: WINDOWS, proxy: Proxy(), setWindowRect: true, strictFileInteractability: false, timeouts: {implicit: 0, pageLoad: 300000, script: 30000}, unhandledPromptBehavior: dismiss and notify, webauthn:extension:credBlob: true, webauthn:extension:largeBlob: true, webauthn:virtualAuthenticators: true}
Session ID: b5fcf7cfa4d6c2239a2a2fe94f2be5ec
*** Element info: {Using=xpath, value=Next_Step_Comments__c} 
2021-08-20 16:10:14,062 Total number of testcases : 1 
2021-08-20 16:10:14,062 Number of testcases Passed : 0 
2021-08-20 16:10:14,062 Number of testcases Failed : 1 
2021-08-20 16:10:14,062 Number of testcases Skipped  : 0 
2021-08-20 16:10:14,063 Mail sending toggel is set to false 
2021-08-20 16:10:14,063 Mail sent : false 
2021-08-20 16:10:14,063 ************************** Test Execution Finished ************************************ 
2021-08-20 16:11:18,119 ************************** Test Execution Started ************************************ 
2021-08-20 16:11:19,906 Facebook login test: Test started 
2021-08-20 16:11:34,886 Facebook login test : Test Failed : no such element: Unable to locate element: {"method":"xpath","selector":"Next_Step_Comments__c"}
  (Session info: chrome=92.0.4515.159)
For documentation on this error, please visit: https://www.seleniumhq.org/exceptions/no_such_element.html
Build info: version: '3.141.59', revision: 'e82be7d358', time: '2018-11-14T08:17:03'
System info: host: 'JOSEPH', ip: '192.168.28.1', os.name: 'Windows 10', os.arch: 'amd64', os.version: '10.0', java.version: '14.0.2'
Driver info: org.openqa.selenium.chrome.ChromeDriver
Capabilities {acceptInsecureCerts: false, browserName: chrome, browserVersion: 92.0.4515.159, chrome: {chromedriverVersion: 92.0.4515.107 (87a818b10553..., userDataDir: C:\Users\35389\AppData\Loca...}, goog:chromeOptions: {debuggerAddress: localhost:50251}, javascriptEnabled: true, networkConnectionEnabled: false, pageLoadStrategy: normal, platform: WINDOWS, platformName: WINDOWS, proxy: Proxy(), setWindowRect: true, strictFileInteractability: false, timeouts: {implicit: 0, pageLoad: 300000, script: 30000}, unhandledPromptBehavior: dismiss and notify, webauthn:extension:credBlob: true, webauthn:extension:largeBlob: true, webauthn:virtualAuthenticators: true}
Session ID: a09c22b433662aca464624a561eabb4b
*** Element info: {Using=xpath, value=Next_Step_Comments__c} 
2021-08-20 16:11:35,300 Total number of testcases : 1 
2021-08-20 16:11:35,300 Number of testcases Passed : 0 
2021-08-20 16:11:35,300 Number of testcases Failed : 1 
2021-08-20 16:11:35,300 Number of testcases Skipped  : 0 
2021-08-20 16:11:35,301 Mail sending toggel is set to false 
2021-08-20 16:11:35,301 Mail sent : false 
2021-08-20 16:11:35,301 ************************** Test Execution Finished ************************************ 
2021-08-20 16:16:31,666 ************************** Test Execution Started ************************************ 
2021-08-20 16:16:33,418 Facebook login test: Test started 
2021-08-20 16:16:38,721 Facebook login test : Test Failed : invalid selector: An invalid or illegal selector was specified
  (Session info: chrome=92.0.4515.159)
For documentation on this error, please visit: https://www.seleniumhq.org/exceptions/invalid_selector_exception.html
Build info: version: '3.141.59', revision: 'e82be7d358', time: '2018-11-14T08:17:03'
System info: host: 'JOSEPH', ip: '192.168.28.1', os.name: 'Windows 10', os.arch: 'amd64', os.version: '10.0', java.version: '14.0.2'
Driver info: org.openqa.selenium.chrome.ChromeDriver
Capabilities {acceptInsecureCerts: false, browserName: chrome, browserVersion: 92.0.4515.159, chrome: {chromedriverVersion: 92.0.4515.107 (87a818b10553..., userDataDir: C:\Users\35389\AppData\Loca...}, goog:chromeOptions: {debuggerAddress: localhost:49344}, javascriptEnabled: true, networkConnectionEnabled: false, pageLoadStrategy: normal, platform: WINDOWS, platformName: WINDOWS, proxy: Proxy(), setWindowRect: true, strictFileInteractability: false, timeouts: {implicit: 0, pageLoad: 300000, script: 30000}, unhandledPromptBehavior: dismiss and notify, webauthn:extension:credBlob: true, webauthn:extension:largeBlob: true, webauthn:virtualAuthenticators: true}
Session ID: 2dcdda838e4811a60105b088e6bddd3f
*** Element info: {Using=name, value=//div[@class='mktoLogicalField mktoCheckboxList mktoHasWidth mktoRequired mktoInvalid']} 
2021-08-20 16:16:39,192 Total number of testcases : 1 
2021-08-20 16:16:39,192 Number of testcases Passed : 0 
2021-08-20 16:16:39,192 Number of testcases Failed : 1 
2021-08-20 16:16:39,192 Number of testcases Skipped  : 0 
2021-08-20 16:16:39,193 Mail sending toggel is set to false 
2021-08-20 16:16:39,193 Mail sent : false 
2021-08-20 16:16:39,193 ************************** Test Execution Finished ************************************ 
2021-08-20 16:18:27,652 ************************** Test Execution Started ************************************ 
2021-08-20 16:18:29,883 Facebook login test: Test started 
2021-08-20 16:18:35,005 Facebook login test : Test Failed : invalid selector: An invalid or illegal selector was specified
  (Session info: chrome=92.0.4515.159)
For documentation on this error, please visit: https://www.seleniumhq.org/exceptions/invalid_selector_exception.html
Build info: version: '3.141.59', revision: 'e82be7d358', time: '2018-11-14T08:17:03'
System info: host: 'JOSEPH', ip: '192.168.28.1', os.name: 'Windows 10', os.arch: 'amd64', os.version: '10.0', java.version: '14.0.2'
Driver info: org.openqa.selenium.chrome.ChromeDriver
Capabilities {acceptInsecureCerts: false, browserName: chrome, browserVersion: 92.0.4515.159, chrome: {chromedriverVersion: 92.0.4515.107 (87a818b10553..., userDataDir: C:\Users\35389\AppData\Loca...}, goog:chromeOptions: {debuggerAddress: localhost:60863}, javascriptEnabled: true, networkConnectionEnabled: false, pageLoadStrategy: normal, platform: WINDOWS, platformName: WINDOWS, proxy: Proxy(), setWindowRect: true, strictFileInteractability: false, timeouts: {implicit: 0, pageLoad: 300000, script: 30000}, unhandledPromptBehavior: dismiss and notify, webauthn:extension:credBlob: true, webauthn:extension:largeBlob: true, webauthn:virtualAuthenticators: true}
Session ID: 240a374a639d9a61234d6d21dda00216
*** Element info: {Using=name, value=//div[@class='mktoLogicalField mktoCheckboxList mktoHasWidth mktoRequired mktoInvalid']} 
2021-08-20 16:18:35,427 Total number of testcases : 1 
2021-08-20 16:18:35,427 Number of testcases Passed : 0 
2021-08-20 16:18:35,427 Number of testcases Failed : 1 
2021-08-20 16:18:35,427 Number of testcases Skipped  : 0 
2021-08-20 16:18:35,428 Mail sending toggel is set to false 
2021-08-20 16:18:35,428 Mail sent : false 
2021-08-20 16:18:35,428 ************************** Test Execution Finished ************************************ 
2021-08-20 16:19:08,674 ************************** Test Execution Started ************************************ 
2021-08-20 16:19:10,431 Facebook login test: Test started 
2021-08-20 16:19:16,813 Facebook login test : Test Failed : invalid selector: An invalid or illegal selector was specified
  (Session info: chrome=92.0.4515.159)
For documentation on this error, please visit: https://www.seleniumhq.org/exceptions/invalid_selector_exception.html
Build info: version: '3.141.59', revision: 'e82be7d358', time: '2018-11-14T08:17:03'
System info: host: 'JOSEPH', ip: '192.168.28.1', os.name: 'Windows 10', os.arch: 'amd64', os.version: '10.0', java.version: '14.0.2'
Driver info: org.openqa.selenium.chrome.ChromeDriver
Capabilities {acceptInsecureCerts: false, browserName: chrome, browserVersion: 92.0.4515.159, chrome: {chromedriverVersion: 92.0.4515.107 (87a818b10553..., userDataDir: C:\Users\35389\AppData\Loca...}, goog:chromeOptions: {debuggerAddress: localhost:58806}, javascriptEnabled: true, networkConnectionEnabled: false, pageLoadStrategy: normal, platform: WINDOWS, platformName: WINDOWS, proxy: Proxy(), setWindowRect: true, strictFileInteractability: false, timeouts: {implicit: 0, pageLoad: 300000, script: 30000}, unhandledPromptBehavior: dismiss and notify, webauthn:extension:credBlob: true, webauthn:extension:largeBlob: true, webauthn:virtualAuthenticators: true}
Session ID: bba48dcc1d23b0620e352e44140f0924
*** Element info: {Using=name, value=//div[@class='mktoLogicalField mktoCheckboxList mktoHasWidth mktoRequired mktoInvalid']} 
2021-08-20 16:19:17,290 Total number of testcases : 1 
2021-08-20 16:19:17,290 Number of testcases Passed : 0 
2021-08-20 16:19:17,290 Number of testcases Failed : 1 
2021-08-20 16:19:17,290 Number of testcases Skipped  : 0 
2021-08-20 16:19:17,290 Mail sending toggel is set to false 
2021-08-20 16:19:17,291 Mail sent : false 
2021-08-20 16:19:17,291 ************************** Test Execution Finished ************************************ 
2021-08-20 16:21:07,339 ************************** Test Execution Started ************************************ 
2021-08-20 16:21:09,011 Facebook login test: Test started 
2021-08-20 16:21:13,186 Facebook login test : Test Failed : invalid selector: An invalid or illegal selector was specified
  (Session info: chrome=92.0.4515.159)
For documentation on this error, please visit: https://www.seleniumhq.org/exceptions/invalid_selector_exception.html
Build info: version: '3.141.59', revision: 'e82be7d358', time: '2018-11-14T08:17:03'
System info: host: 'JOSEPH', ip: '192.168.28.1', os.name: 'Windows 10', os.arch: 'amd64', os.version: '10.0', java.version: '14.0.2'
Driver info: org.openqa.selenium.chrome.ChromeDriver
Capabilities {acceptInsecureCerts: false, browserName: chrome, browserVersion: 92.0.4515.159, chrome: {chromedriverVersion: 92.0.4515.107 (87a818b10553..., userDataDir: C:\Users\35389\AppData\Loca...}, goog:chromeOptions: {debuggerAddress: localhost:49170}, javascriptEnabled: true, networkConnectionEnabled: false, pageLoadStrategy: normal, platform: WINDOWS, platformName: WINDOWS, proxy: Proxy(), setWindowRect: true, strictFileInteractability: false, timeouts: {implicit: 0, pageLoad: 300000, script: 30000}, unhandledPromptBehavior: dismiss and notify, webauthn:extension:credBlob: true, webauthn:extension:largeBlob: true, webauthn:virtualAuthenticators: true}
Session ID: 47be3dbd65a2a96f9bfb667d702e9e9d
*** Element info: {Using=name, value=//div[@class='mktoLogicalField mktoCheckboxList mktoHasWidth mktoRequired mktoInvalid']} 
2021-08-20 16:21:13,664 Total number of testcases : 1 
2021-08-20 16:21:13,664 Number of testcases Passed : 0 
2021-08-20 16:21:13,664 Number of testcases Failed : 1 
2021-08-20 16:21:13,664 Number of testcases Skipped  : 0 
2021-08-20 16:21:13,664 Mail sending toggel is set to false 
2021-08-20 16:21:13,664 Mail sent : false 
2021-08-20 16:21:13,664 ************************** Test Execution Finished ************************************ 
2021-08-20 16:22:44,651 ************************** Test Execution Started ************************************ 
2021-08-20 16:22:46,275 Facebook login test: Test started 
2021-08-20 16:23:01,210 Facebook login test : Test Failed : no such element: Unable to locate element: {"method":"xpath","selector":"//div[@class='mktoLogicalField mktoCheckboxList mktoHasWidth mktoRequired mktoInvalid']"}
  (Session info: chrome=92.0.4515.159)
For documentation on this error, please visit: https://www.seleniumhq.org/exceptions/no_such_element.html
Build info: version: '3.141.59', revision: 'e82be7d358', time: '2018-11-14T08:17:03'
System info: host: 'JOSEPH', ip: '192.168.28.1', os.name: 'Windows 10', os.arch: 'amd64', os.version: '10.0', java.version: '14.0.2'
Driver info: org.openqa.selenium.chrome.ChromeDriver
Capabilities {acceptInsecureCerts: false, browserName: chrome, browserVersion: 92.0.4515.159, chrome: {chromedriverVersion: 92.0.4515.107 (87a818b10553..., userDataDir: C:\Users\35389\AppData\Loca...}, goog:chromeOptions: {debuggerAddress: localhost:65517}, javascriptEnabled: true, networkConnectionEnabled: false, pageLoadStrategy: normal, platform: WINDOWS, platformName: WINDOWS, proxy: Proxy(), setWindowRect: true, strictFileInteractability: false, timeouts: {implicit: 0, pageLoad: 300000, script: 30000}, unhandledPromptBehavior: dismiss and notify, webauthn:extension:credBlob: true, webauthn:extension:largeBlob: true, webauthn:virtualAuthenticators: true}
Session ID: 704e24c1a517faf4587f4efaa66d5bcd
*** Element info: {Using=xpath, value=//div[@class='mktoLogicalField mktoCheckboxList mktoHasWidth mktoRequired mktoInvalid']} 
2021-08-20 16:23:01,658 Total number of testcases : 1 
2021-08-20 16:23:01,658 Number of testcases Passed : 0 
2021-08-20 16:23:01,658 Number of testcases Failed : 1 
2021-08-20 16:23:01,658 Number of testcases Skipped  : 0 
2021-08-20 16:23:01,658 Mail sending toggel is set to false 
2021-08-20 16:23:01,659 Mail sent : false 
2021-08-20 16:23:01,659 ************************** Test Execution Finished ************************************ 
2021-08-20 16:24:22,605 ************************** Test Execution Started ************************************ 
2021-08-20 16:24:24,311 Facebook login test: Test started 
2021-08-20 16:24:38,789 Facebook login test : Test Failed : no such element: Unable to locate element: {"method":"xpath","selector":"//*[@class='mktoLogicalField mktoCheckboxList mktoHasWidth mktoRequired mktoInvalid']"}
  (Session info: chrome=92.0.4515.159)
For documentation on this error, please visit: https://www.seleniumhq.org/exceptions/no_such_element.html
Build info: version: '3.141.59', revision: 'e82be7d358', time: '2018-11-14T08:17:03'
System info: host: 'JOSEPH', ip: '192.168.28.1', os.name: 'Windows 10', os.arch: 'amd64', os.version: '10.0', java.version: '14.0.2'
Driver info: org.openqa.selenium.chrome.ChromeDriver
Capabilities {acceptInsecureCerts: false, browserName: chrome, browserVersion: 92.0.4515.159, chrome: {chromedriverVersion: 92.0.4515.107 (87a818b10553..., userDataDir: C:\Users\35389\AppData\Loca...}, goog:chromeOptions: {debuggerAddress: localhost:51476}, javascriptEnabled: true, networkConnectionEnabled: false, pageLoadStrategy: normal, platform: WINDOWS, platformName: WINDOWS, proxy: Proxy(), setWindowRect: true, strictFileInteractability: false, timeouts: {implicit: 0, pageLoad: 300000, script: 30000}, unhandledPromptBehavior: dismiss and notify, webauthn:extension:credBlob: true, webauthn:extension:largeBlob: true, webauthn:virtualAuthenticators: true}
Session ID: b5c339d045db49d063757bf06cfcb5a0
*** Element info: {Using=xpath, value=//*[@class='mktoLogicalField mktoCheckboxList mktoHasWidth mktoRequired mktoInvalid']} 
2021-08-20 16:24:39,173 Total number of testcases : 1 
2021-08-20 16:24:39,173 Number of testcases Passed : 0 
2021-08-20 16:24:39,173 Number of testcases Failed : 1 
2021-08-20 16:24:39,173 Number of testcases Skipped  : 0 
2021-08-20 16:24:39,173 Mail sending toggel is set to false 
2021-08-20 16:24:39,173 Mail sent : false 
2021-08-20 16:24:39,174 ************************** Test Execution Finished ************************************ 
2021-08-20 16:27:10,587 ************************** Test Execution Started ************************************ 
2021-08-20 16:27:12,363 Facebook login test: Test started 
2021-08-20 16:27:17,408 Facebook login test : Test Failed : invalid selector: Unable to locate an element with the xpath expression //*[contains(@class='mktoCheckboxList')] because of the following error:
SyntaxError: Failed to execute 'evaluate' on 'Document': The string '//*[contains(@class='mktoCheckboxList')]' is not a valid XPath expression.
  (Session info: chrome=92.0.4515.159)
For documentation on this error, please visit: https://www.seleniumhq.org/exceptions/invalid_selector_exception.html
Build info: version: '3.141.59', revision: 'e82be7d358', time: '2018-11-14T08:17:03'
System info: host: 'JOSEPH', ip: '192.168.28.1', os.name: 'Windows 10', os.arch: 'amd64', os.version: '10.0', java.version: '14.0.2'
Driver info: org.openqa.selenium.chrome.ChromeDriver
Capabilities {acceptInsecureCerts: false, browserName: chrome, browserVersion: 92.0.4515.159, chrome: {chromedriverVersion: 92.0.4515.107 (87a818b10553..., userDataDir: C:\Users\35389\AppData\Loca...}, goog:chromeOptions: {debuggerAddress: localhost:50807}, javascriptEnabled: true, networkConnectionEnabled: false, pageLoadStrategy: normal, platform: WINDOWS, platformName: WINDOWS, proxy: Proxy(), setWindowRect: true, strictFileInteractability: false, timeouts: {implicit: 0, pageLoad: 300000, script: 30000}, unhandledPromptBehavior: dismiss and notify, webauthn:extension:credBlob: true, webauthn:extension:largeBlob: true, webauthn:virtualAuthenticators: true}
Session ID: 2c752a155559b923d4832220edad4422
*** Element info: {Using=xpath, value=//*[contains(@class='mktoCheckboxList')]} 
2021-08-20 16:27:17,888 Total number of testcases : 1 
2021-08-20 16:27:17,889 Number of testcases Passed : 0 
2021-08-20 16:27:17,889 Number of testcases Failed : 1 
2021-08-20 16:27:17,889 Number of testcases Skipped  : 0 
2021-08-20 16:27:17,889 Mail sending toggel is set to false 
2021-08-20 16:27:17,889 Mail sent : false 
2021-08-20 16:27:17,889 ************************** Test Execution Finished ************************************ 
2021-08-20 16:29:29,962 ************************** Test Execution Started ************************************ 
2021-08-20 16:29:31,772 Facebook login test: Test started 
2021-08-20 16:29:37,661 Facebook login test : Test Passed 
2021-08-20 16:29:38,110 Total number of testcases : 1 
2021-08-20 16:29:38,110 Number of testcases Passed : 1 
2021-08-20 16:29:38,110 Number of testcases Failed : 0 
2021-08-20 16:29:38,110 Number of testcases Skipped  : 0 
2021-08-20 16:29:38,110 Mail sending toggel is set to false 
2021-08-20 16:29:38,110 Mail sent : false 
2021-08-20 16:29:38,110 ************************** Test Execution Finished ************************************ 
2021-08-20 16:30:22,017 ************************** Test Execution Started ************************************ 
2021-08-20 16:30:23,611 Facebook login test: Test started 
2021-08-20 16:30:29,308 Facebook login test : Test Failed : element click intercepted: Element <div class="mktoLogicalField mktoCheckboxList mktoHasWidth mktoRequired" style="width: 150px;">...</div> is not clickable at point (958, 689). Other element would receive the click: <div class="adroll_consent_button_bar">...</div>
  (Session info: chrome=92.0.4515.159)
Build info: version: '3.141.59', revision: 'e82be7d358', time: '2018-11-14T08:17:03'
System info: host: 'JOSEPH', ip: '192.168.28.1', os.name: 'Windows 10', os.arch: 'amd64', os.version: '10.0', java.version: '14.0.2'
Driver info: org.openqa.selenium.chrome.ChromeDriver
Capabilities {acceptInsecureCerts: false, browserName: chrome, browserVersion: 92.0.4515.159, chrome: {chromedriverVersion: 92.0.4515.107 (87a818b10553..., userDataDir: C:\Users\35389\AppData\Loca...}, goog:chromeOptions: {debuggerAddress: localhost:60025}, javascriptEnabled: true, networkConnectionEnabled: false, pageLoadStrategy: normal, platform: WINDOWS, platformName: WINDOWS, proxy: Proxy(), setWindowRect: true, strictFileInteractability: false, timeouts: {implicit: 0, pageLoad: 300000, script: 30000}, unhandledPromptBehavior: dismiss and notify, webauthn:extension:credBlob: true, webauthn:extension:largeBlob: true, webauthn:virtualAuthenticators: true}
Session ID: e2ff8f63c60f4e5e2202a827a9212138 
2021-08-20 16:30:29,715 Total number of testcases : 1 
2021-08-20 16:30:29,715 Number of testcases Passed : 0 
2021-08-20 16:30:29,715 Number of testcases Failed : 1 
2021-08-20 16:30:29,715 Number of testcases Skipped  : 0 
2021-08-20 16:30:29,715 Mail sending toggel is set to false 
2021-08-20 16:30:29,716 Mail sent : false 
2021-08-20 16:30:29,716 ************************** Test Execution Finished ************************************ 
2021-08-20 16:31:06,424 ************************** Test Execution Started ************************************ 
2021-08-20 16:31:08,190 Facebook login test: Test started 
2021-08-20 16:31:14,139 Facebook login test : Test Failed : element click intercepted: Element <div class="mktoLogicalField mktoCheckboxList mktoHasWidth mktoRequired" style="width: 150px;">...</div> is not clickable at point (958, 689). Other element would receive the click: <div class="adroll_consent_button_bar">...</div>
  (Session info: chrome=92.0.4515.159)
Build info: version: '3.141.59', revision: 'e82be7d358', time: '2018-11-14T08:17:03'
System info: host: 'JOSEPH', ip: '192.168.28.1', os.name: 'Windows 10', os.arch: 'amd64', os.version: '10.0', java.version: '14.0.2'
Driver info: org.openqa.selenium.chrome.ChromeDriver
Capabilities {acceptInsecureCerts: false, browserName: chrome, browserVersion: 92.0.4515.159, chrome: {chromedriverVersion: 92.0.4515.107 (87a818b10553..., userDataDir: C:\Users\35389\AppData\Loca...}, goog:chromeOptions: {debuggerAddress: localhost:53771}, javascriptEnabled: true, networkConnectionEnabled: false, pageLoadStrategy: normal, platform: WINDOWS, platformName: WINDOWS, proxy: Proxy(), setWindowRect: true, strictFileInteractability: false, timeouts: {implicit: 0, pageLoad: 300000, script: 30000}, unhandledPromptBehavior: dismiss and notify, webauthn:extension:credBlob: true, webauthn:extension:largeBlob: true, webauthn:virtualAuthenticators: true}
Session ID: ac70db9cb5972a67c592846448ab857c 
2021-08-20 16:31:14,532 Total number of testcases : 1 
2021-08-20 16:31:14,532 Number of testcases Passed : 0 
2021-08-20 16:31:14,532 Number of testcases Failed : 1 
2021-08-20 16:31:14,532 Number of testcases Skipped  : 0 
2021-08-20 16:31:14,533 Mail sending toggel is set to false 
2021-08-20 16:31:14,533 Mail sent : false 
2021-08-20 16:31:14,533 ************************** Test Execution Finished ************************************ 
2021-08-20 16:33:09,978 ************************** Test Execution Started ************************************ 
2021-08-20 16:33:11,669 Facebook login test: Test started 
2021-08-20 16:33:27,253 Facebook login test : Test Failed : no such element: Unable to locate element: {"method":"xpath","selector":"//*[contains(@class,'mktoCheckboxList mktoHasWidth mktoRequired mktoInvalid')]"}
  (Session info: chrome=92.0.4515.159)
For documentation on this error, please visit: https://www.seleniumhq.org/exceptions/no_such_element.html
Build info: version: '3.141.59', revision: 'e82be7d358', time: '2018-11-14T08:17:03'
System info: host: 'JOSEPH', ip: '192.168.28.1', os.name: 'Windows 10', os.arch: 'amd64', os.version: '10.0', java.version: '14.0.2'
Driver info: org.openqa.selenium.chrome.ChromeDriver
Capabilities {acceptInsecureCerts: false, browserName: chrome, browserVersion: 92.0.4515.159, chrome: {chromedriverVersion: 92.0.4515.107 (87a818b10553..., userDataDir: C:\Users\35389\AppData\Loca...}, goog:chromeOptions: {debuggerAddress: localhost:51103}, javascriptEnabled: true, networkConnectionEnabled: false, pageLoadStrategy: normal, platform: WINDOWS, platformName: WINDOWS, proxy: Proxy(), setWindowRect: true, strictFileInteractability: false, timeouts: {implicit: 0, pageLoad: 300000, script: 30000}, unhandledPromptBehavior: dismiss and notify, webauthn:extension:credBlob: true, webauthn:extension:largeBlob: true, webauthn:virtualAuthenticators: true}
Session ID: 288ff92e723d23a7554c625a0b979720
*** Element info: {Using=xpath, value=//*[contains(@class,'mktoCheckboxList mktoHasWidth mktoRequired mktoInvalid')]} 
2021-08-20 16:33:27,651 Total number of testcases : 1 
2021-08-20 16:33:27,651 Number of testcases Passed : 0 
2021-08-20 16:33:27,651 Number of testcases Failed : 1 
2021-08-20 16:33:27,651 Number of testcases Skipped  : 0 
2021-08-20 16:33:27,652 Mail sending toggel is set to false 
2021-08-20 16:33:27,652 Mail sent : false 
2021-08-20 16:33:27,652 ************************** Test Execution Finished ************************************ 
2021-08-20 16:37:59,106 ************************** Test Execution Started ************************************ 
2021-08-20 16:38:01,043 Facebook login test: Test started 
2021-08-20 16:38:16,420 Facebook login test : Test Failed : no such element: Unable to locate element: {"method":"xpath","selector":"//*[contains(@class,'mktoInvalid')][2]"}
  (Session info: chrome=92.0.4515.159)
For documentation on this error, please visit: https://www.seleniumhq.org/exceptions/no_such_element.html
Build info: version: '3.141.59', revision: 'e82be7d358', time: '2018-11-14T08:17:03'
System info: host: 'JOSEPH', ip: '192.168.28.1', os.name: 'Windows 10', os.arch: 'amd64', os.version: '10.0', java.version: '14.0.2'
Driver info: org.openqa.selenium.chrome.ChromeDriver
Capabilities {acceptInsecureCerts: false, browserName: chrome, browserVersion: 92.0.4515.159, chrome: {chromedriverVersion: 92.0.4515.107 (87a818b10553..., userDataDir: C:\Users\35389\AppData\Loca...}, goog:chromeOptions: {debuggerAddress: localhost:57287}, javascriptEnabled: true, networkConnectionEnabled: false, pageLoadStrategy: normal, platform: WINDOWS, platformName: WINDOWS, proxy: Proxy(), setWindowRect: true, strictFileInteractability: false, timeouts: {implicit: 0, pageLoad: 300000, script: 30000}, unhandledPromptBehavior: dismiss and notify, webauthn:extension:credBlob: true, webauthn:extension:largeBlob: true, webauthn:virtualAuthenticators: true}
Session ID: 2b261896e3cc034f886924ee7061b915
*** Element info: {Using=xpath, value=//*[contains(@class,'mktoInvalid')][2]} 
2021-08-20 16:38:16,821 Total number of testcases : 1 
2021-08-20 16:38:16,821 Number of testcases Passed : 0 
2021-08-20 16:38:16,821 Number of testcases Failed : 1 
2021-08-20 16:38:16,821 Number of testcases Skipped  : 0 
2021-08-20 16:38:16,822 Mail sending toggel is set to false 
2021-08-20 16:38:16,822 Mail sent : false 
2021-08-20 16:38:16,822 ************************** Test Execution Finished ************************************ 
2021-08-20 16:39:17,035 ************************** Test Execution Started ************************************ 
2021-08-20 16:39:18,658 Facebook login test: Test started 
2021-08-20 16:39:25,328 Facebook login test : Test Failed : element click intercepted: Element <input id="Email" name="Email" maxlength="255" aria-labelledby="LblEmail InstructEmail" type="email" class="mktoField mktoEmailField mktoHasWidth mktoRequired mktoInvalid" aria-required="true" style="width: 200px;" aria-invalid="true"> is not clickable at point (1063, 441). Other element would receive the click: <div class="adroll_consent_box">...</div>
  (Session info: chrome=92.0.4515.159)
Build info: version: '3.141.59', revision: 'e82be7d358', time: '2018-11-14T08:17:03'
System info: host: 'JOSEPH', ip: '192.168.28.1', os.name: 'Windows 10', os.arch: 'amd64', os.version: '10.0', java.version: '14.0.2'
Driver info: org.openqa.selenium.chrome.ChromeDriver
Capabilities {acceptInsecureCerts: false, browserName: chrome, browserVersion: 92.0.4515.159, chrome: {chromedriverVersion: 92.0.4515.107 (87a818b10553..., userDataDir: C:\Users\35389\AppData\Loca...}, goog:chromeOptions: {debuggerAddress: localhost:49593}, javascriptEnabled: true, networkConnectionEnabled: false, pageLoadStrategy: normal, platform: WINDOWS, platformName: WINDOWS, proxy: Proxy(), setWindowRect: true, strictFileInteractability: false, timeouts: {implicit: 0, pageLoad: 300000, script: 30000}, unhandledPromptBehavior: dismiss and notify, webauthn:extension:credBlob: true, webauthn:extension:largeBlob: true, webauthn:virtualAuthenticators: true}
Session ID: 1581fc3ef6b7d104ea5882565baad756 
2021-08-20 16:39:25,761 Total number of testcases : 1 
2021-08-20 16:39:25,761 Number of testcases Passed : 0 
2021-08-20 16:39:25,761 Number of testcases Failed : 1 
2021-08-20 16:39:25,761 Number of testcases Skipped  : 0 
2021-08-20 16:39:25,761 Mail sending toggel is set to false 
2021-08-20 16:39:25,761 Mail sent : false 
2021-08-20 16:39:25,761 ************************** Test Execution Finished ************************************ 
2021-08-20 16:40:04,089 ************************** Test Execution Started ************************************ 
2021-08-20 16:40:06,099 Facebook login test: Test started 
2021-08-20 16:40:12,412 Facebook login test : Test Failed : element click intercepted: Element <input id="Email" name="Email" maxlength="255" aria-labelledby="LblEmail InstructEmail" type="email" class="mktoField mktoEmailField mktoHasWidth mktoRequired mktoInvalid" aria-required="true" style="width: 200px;" aria-invalid="true"> is not clickable at point (1063, 441). Other element would receive the click: <div class="adroll_consent_box">...</div>
  (Session info: chrome=92.0.4515.159)
Build info: version: '3.141.59', revision: 'e82be7d358', time: '2018-11-14T08:17:03'
System info: host: 'JOSEPH', ip: '192.168.28.1', os.name: 'Windows 10', os.arch: 'amd64', os.version: '10.0', java.version: '14.0.2'
Driver info: org.openqa.selenium.chrome.ChromeDriver
Capabilities {acceptInsecureCerts: false, browserName: chrome, browserVersion: 92.0.4515.159, chrome: {chromedriverVersion: 92.0.4515.107 (87a818b10553..., userDataDir: C:\Users\35389\AppData\Loca...}, goog:chromeOptions: {debuggerAddress: localhost:50314}, javascriptEnabled: true, networkConnectionEnabled: false, pageLoadStrategy: normal, platform: WINDOWS, platformName: WINDOWS, proxy: Proxy(), setWindowRect: true, strictFileInteractability: false, timeouts: {implicit: 0, pageLoad: 300000, script: 30000}, unhandledPromptBehavior: dismiss and notify, webauthn:extension:credBlob: true, webauthn:extension:largeBlob: true, webauthn:virtualAuthenticators: true}
Session ID: c195d644c7e51c552c9e67b079613b56 
2021-08-20 16:40:12,863 Total number of testcases : 1 
2021-08-20 16:40:12,863 Number of testcases Passed : 0 
2021-08-20 16:40:12,863 Number of testcases Failed : 1 
2021-08-20 16:40:12,863 Number of testcases Skipped  : 0 
2021-08-20 16:40:12,864 Mail sending toggel is set to false 
2021-08-20 16:40:12,864 Mail sent : false 
2021-08-20 16:40:12,864 ************************** Test Execution Finished ************************************ 
2021-08-20 16:42:00,660 ************************** Test Execution Started ************************************ 
2021-08-20 16:42:02,391 Facebook login test: Test started 
2021-08-20 16:42:06,920 Facebook login test : Test Passed 
2021-08-20 16:42:07,279 Total number of testcases : 1 
2021-08-20 16:42:07,279 Number of testcases Passed : 1 
2021-08-20 16:42:07,279 Number of testcases Failed : 0 
2021-08-20 16:42:07,279 Number of testcases Skipped  : 0 
2021-08-20 16:42:07,280 Mail sending toggel is set to false 
2021-08-20 16:42:07,280 Mail sent : false 
2021-08-20 16:42:07,280 ************************** Test Execution Finished ************************************ 
2021-08-20 16:46:51,910 ************************** Test Execution Started ************************************ 
2021-08-20 16:46:53,691 Facebook login test: Test started 
2021-08-20 16:46:59,764 Facebook login test : Test Passed 
2021-08-20 16:47:00,151 Total number of testcases : 1 
2021-08-20 16:47:00,151 Number of testcases Passed : 1 
2021-08-20 16:47:00,151 Number of testcases Failed : 0 
2021-08-20 16:47:00,151 Number of testcases Skipped  : 0 
2021-08-20 16:47:00,151 Mail sending toggel is set to false 
2021-08-20 16:47:00,151 Mail sent : false 
2021-08-20 16:47:00,151 ************************** Test Execution Finished ************************************ 
2021-08-20 16:58:52,571 ************************** Test Execution Started ************************************ 
2021-08-20 16:58:54,348 Facebook login test: Test started 
2021-08-20 16:59:00,345 Facebook login test : Test Passed 
2021-08-20 16:59:00,749 Total number of testcases : 1 
2021-08-20 16:59:00,749 Number of testcases Passed : 1 
2021-08-20 16:59:00,749 Number of testcases Failed : 0 
2021-08-20 16:59:00,749 Number of testcases Skipped  : 0 
2021-08-20 16:59:00,749 Mail sending toggel is set to false 
2021-08-20 16:59:00,749 Mail sent : false 
2021-08-20 16:59:00,749 ************************** Test Execution Finished ************************************ 
2021-08-20 17:05:45,431 ************************** Test Execution Started ************************************ 
2021-08-20 17:05:47,611 Facebook login test: Test started 
2021-08-20 17:05:57,761 Facebook login test : Test Passed 
2021-08-20 17:05:58,625 Total number of testcases : 1 
2021-08-20 17:05:58,625 Number of testcases Passed : 1 
2021-08-20 17:05:58,626 Number of testcases Failed : 0 
2021-08-20 17:05:58,626 Number of testcases Skipped  : 0 
2021-08-20 17:05:58,627 Mail sending toggel is set to false 
2021-08-20 17:05:58,627 Mail sent : false 
2021-08-20 17:05:58,627 ************************** Test Execution Finished ************************************ 
2021-08-20 17:23:58,703 ************************** Test Execution Started ************************************ 
2021-08-20 17:24:01,039 Facebook login test: Test started 
2021-08-20 17:24:10,527 Facebook login test : Test Passed 
2021-08-20 17:24:11,424 Total number of testcases : 1 
2021-08-20 17:24:11,424 Number of testcases Passed : 1 
2021-08-20 17:24:11,424 Number of testcases Failed : 0 
2021-08-20 17:24:11,424 Number of testcases Skipped  : 0 
2021-08-20 17:24:11,426 Mail sending toggel is set to false 
2021-08-20 17:24:11,426 Mail sent : false 
2021-08-20 17:24:11,426 ************************** Test Execution Finished ************************************ 
2021-08-20 17:24:43,761 ************************** Test Execution Started ************************************ 
2021-08-20 17:24:46,035 Facebook login test: Test started 
2021-08-20 17:24:58,741 Facebook login test : Test Passed 
2021-08-20 17:25:00,117 Total number of testcases : 1 
2021-08-20 17:25:00,117 Number of testcases Passed : 1 
2021-08-20 17:25:00,117 Number of testcases Failed : 0 
2021-08-20 17:25:00,117 Number of testcases Skipped  : 0 
2021-08-20 17:25:00,117 Mail sending toggel is set to false 
2021-08-20 17:25:00,117 Mail sent : false 
2021-08-20 17:25:00,117 ************************** Test Execution Finished ************************************ 
2021-08-21 23:33:32,166 ************************** Test Execution Started ************************************ 
2021-08-21 23:33:35,955 Google search test: Test started 
2021-08-21 23:33:45,334 Google search test : Test Passed 
2021-08-21 23:33:47,590 Total number of testcases : 1 
2021-08-21 23:33:47,590 Number of testcases Passed : 1 
2021-08-21 23:33:47,590 Number of testcases Failed : 0 
2021-08-21 23:33:47,590 Number of testcases Skipped  : 0 
2021-08-21 23:33:47,592 Mail sending toggel is set to false 
2021-08-21 23:33:47,592 Mail sent : false 
2021-08-21 23:33:47,592 ************************** Test Execution Finished ************************************ 
2021-08-21 23:35:42,763 ************************** Test Execution Started ************************************ 
2021-08-21 23:35:45,215 Google search test: Test started 
2021-08-21 23:35:49,716 Google search test : Test Passed 
2021-08-21 23:35:50,168 Total number of testcases : 1 
2021-08-21 23:35:50,169 Number of testcases Passed : 1 
2021-08-21 23:35:50,169 Number of testcases Failed : 0 
2021-08-21 23:35:50,169 Number of testcases Skipped  : 0 
2021-08-21 23:35:50,170 Mail sending toggel is set to false 
2021-08-21 23:35:50,170 Mail sent : false 
2021-08-21 23:35:50,170 ************************** Test Execution Finished ************************************ 
2021-08-21 23:40:35,741 ************************** Test Execution Started ************************************ 
2021-08-21 23:40:38,240 Google search test: Test started 
2021-08-21 23:40:42,732 Google search test : Test Passed 
2021-08-21 23:40:43,237 Total number of testcases : 1 
2021-08-21 23:40:43,237 Number of testcases Passed : 1 
2021-08-21 23:40:43,237 Number of testcases Failed : 0 
2021-08-21 23:40:43,237 Number of testcases Skipped  : 0 
2021-08-21 23:40:43,238 Mail sending toggel is set to false 
2021-08-21 23:40:43,238 Mail sent : false 
2021-08-21 23:40:43,238 ************************** Test Execution Finished ************************************ 
2021-08-21 23:47:14,309 ************************** Test Execution Started ************************************ 
2021-08-21 23:47:16,805 Google search test: Test started 
2021-08-21 23:47:22,553 Google search test : Test Passed 
2021-08-21 23:47:23,024 Total number of testcases : 1 
2021-08-21 23:47:23,024 Number of testcases Passed : 1 
2021-08-21 23:47:23,024 Number of testcases Failed : 0 
2021-08-21 23:47:23,024 Number of testcases Skipped  : 0 
2021-08-21 23:47:23,025 Mail sending toggel is set to false 
2021-08-21 23:47:23,025 Mail sent : false 
2021-08-21 23:47:23,025 ************************** Test Execution Finished ************************************ 
2021-08-21 23:52:14,956 ************************** Test Execution Started ************************************ 
2021-08-21 23:52:17,417 Google search test: Test started 
2021-08-21 23:52:24,101 Google search test : Test Passed 
2021-08-21 23:52:24,607 Total number of testcases : 1 
2021-08-21 23:52:24,607 Number of testcases Passed : 1 
2021-08-21 23:52:24,607 Number of testcases Failed : 0 
2021-08-21 23:52:24,607 Number of testcases Skipped  : 0 
2021-08-21 23:52:24,608 Mail sending toggel is set to false 
2021-08-21 23:52:24,608 Mail sent : false 
2021-08-21 23:52:24,608 ************************** Test Execution Finished ************************************ 
2021-08-22 00:06:33,043 ************************** Test Execution Started ************************************ 
2021-08-22 00:06:35,488 Google search test: Test started 
2021-08-22 00:06:41,615 Google search test : Test Failed : invalid selector: Unable to locate an element with the xpath expression //div[@class='details' because of the following error:
SyntaxError: Failed to execute 'evaluate' on 'Document': The string '//div[@class='details'' is not a valid XPath expression.
  (Session info: chrome=92.0.4515.159)
For documentation on this error, please visit: https://www.seleniumhq.org/exceptions/invalid_selector_exception.html
Build info: version: '3.141.59', revision: 'e82be7d358', time: '2018-11-14T08:17:03'
System info: host: 'JOSEPH', ip: '192.168.28.1', os.name: 'Windows 10', os.arch: 'amd64', os.version: '10.0', java.version: '14.0.2'
Driver info: org.openqa.selenium.chrome.ChromeDriver
Capabilities {acceptInsecureCerts: false, browserName: chrome, browserVersion: 92.0.4515.159, chrome: {chromedriverVersion: 92.0.4515.107 (87a818b10553..., userDataDir: C:\Users\35389\AppData\Loca...}, goog:chromeOptions: {debuggerAddress: localhost:57652}, javascriptEnabled: true, networkConnectionEnabled: false, pageLoadStrategy: normal, platform: WINDOWS, platformName: WINDOWS, proxy: Proxy(), setWindowRect: true, strictFileInteractability: false, timeouts: {implicit: 0, pageLoad: 300000, script: 30000}, unhandledPromptBehavior: dismiss and notify, webauthn:extension:credBlob: true, webauthn:extension:largeBlob: true, webauthn:virtualAuthenticators: true}
Session ID: 29a7b645d2ff262788882a3a6ef10a93
*** Element info: {Using=xpath, value=//div[@class='details'} 
2021-08-22 00:06:42,162 Total number of testcases : 1 
2021-08-22 00:06:42,162 Number of testcases Passed : 0 
2021-08-22 00:06:42,162 Number of testcases Failed : 1 
2021-08-22 00:06:42,162 Number of testcases Skipped  : 0 
2021-08-22 00:06:42,163 Mail sending toggel is set to false 
2021-08-22 00:06:42,163 Mail sent : false 
2021-08-22 00:06:42,163 ************************** Test Execution Finished ************************************ 
2021-08-22 00:07:53,210 ************************** Test Execution Started ************************************ 
2021-08-22 00:07:55,768 Google search test: Test started 
2021-08-22 00:08:00,699 Google search test : Test Failed : class org.openqa.selenium.remote.RemoteWebElement cannot be cast to class java.util.List (org.openqa.selenium.remote.RemoteWebElement is in unnamed module of loader 'app'; java.util.List is in module java.base of loader 'bootstrap') 
2021-08-22 00:08:01,198 Total number of testcases : 1 
2021-08-22 00:08:01,198 Number of testcases Passed : 0 
2021-08-22 00:08:01,198 Number of testcases Failed : 1 
2021-08-22 00:08:01,198 Number of testcases Skipped  : 0 
2021-08-22 00:08:01,199 Mail sending toggel is set to false 
2021-08-22 00:08:01,199 Mail sent : false 
2021-08-22 00:08:01,199 ************************** Test Execution Finished ************************************ 
2021-08-22 00:15:42,874 ************************** Test Execution Started ************************************ 
2021-08-22 00:15:45,474 Google search test: Test started 
2021-08-22 00:15:50,778 Google search test : Test Passed 
2021-08-22 00:15:51,296 Total number of testcases : 1 
2021-08-22 00:15:51,296 Number of testcases Passed : 1 
2021-08-22 00:15:51,296 Number of testcases Failed : 0 
2021-08-22 00:15:51,296 Number of testcases Skipped  : 0 
2021-08-22 00:15:51,297 Mail sending toggel is set to false 
2021-08-22 00:15:51,297 Mail sent : false 
2021-08-22 00:15:51,297 ************************** Test Execution Finished ************************************ 
2021-08-22 00:20:37,950 ************************** Test Execution Started ************************************ 
2021-08-22 00:20:40,578 Google search test: Test started 
2021-08-22 00:20:46,323 Google search test : Test Passed 
2021-08-22 00:20:46,960 Total number of testcases : 1 
2021-08-22 00:20:46,960 Number of testcases Passed : 1 
2021-08-22 00:20:46,960 Number of testcases Failed : 0 
2021-08-22 00:20:46,960 Number of testcases Skipped  : 0 
2021-08-22 00:20:46,961 Mail sending toggel is set to false 
2021-08-22 00:20:46,961 Mail sent : false 
2021-08-22 00:20:46,961 ************************** Test Execution Finished ************************************ 
2021-08-22 00:30:11,575 ************************** Test Execution Started ************************************ 
2021-08-22 00:30:14,127 Google search test: Test started 
2021-08-22 00:30:19,615 Google search test : Test Failed : class com.sun.proxy.$Proxy15 cannot be cast to class java.util.List (com.sun.proxy.$Proxy15 is in unnamed module of loader 'app'; java.util.List is in module java.base of loader 'bootstrap') 
2021-08-22 00:30:20,170 Total number of testcases : 1 
2021-08-22 00:30:20,170 Number of testcases Passed : 0 
2021-08-22 00:30:20,171 Number of testcases Failed : 1 
2021-08-22 00:30:20,171 Number of testcases Skipped  : 0 
2021-08-22 00:30:20,172 Mail sending toggel is set to false 
2021-08-22 00:30:20,172 Mail sent : false 
2021-08-22 00:30:20,172 ************************** Test Execution Finished ************************************ 
2021-08-22 00:31:38,491 ************************** Test Execution Started ************************************ 
2021-08-22 00:31:40,956 Google search test: Test started 
2021-08-22 00:31:47,398 Google search test : Test Passed 
2021-08-22 00:31:47,945 Total number of testcases : 1 
2021-08-22 00:31:47,945 Number of testcases Passed : 1 
2021-08-22 00:31:47,945 Number of testcases Failed : 0 
2021-08-22 00:31:47,945 Number of testcases Skipped  : 0 
2021-08-22 00:31:47,946 Mail sending toggel is set to false 
2021-08-22 00:31:47,946 Mail sent : false 
2021-08-22 00:31:47,946 ************************** Test Execution Finished ************************************ 
2021-08-22 00:39:01,175 ************************** Test Execution Started ************************************ 
2021-08-22 00:39:04,137 Google search test: Test started 
2021-08-22 00:39:10,646 Google search test : Test Passed 
2021-08-22 00:39:11,106 Total number of testcases : 1 
2021-08-22 00:39:11,107 Number of testcases Passed : 1 
2021-08-22 00:39:11,107 Number of testcases Failed : 0 
2021-08-22 00:39:11,107 Number of testcases Skipped  : 0 
2021-08-22 00:39:11,107 Mail sending toggel is set to false 
2021-08-22 00:39:11,108 Mail sent : false 
2021-08-22 00:39:11,108 ************************** Test Execution Finished ************************************ 
2021-08-22 00:40:10,309 ************************** Test Execution Started ************************************ 
2021-08-22 00:40:12,306 Google search test: Test started 
2021-08-22 00:40:18,686 Google search test : Test Passed 
2021-08-22 00:40:19,175 Total number of testcases : 1 
2021-08-22 00:40:19,175 Number of testcases Passed : 1 
2021-08-22 00:40:19,175 Number of testcases Failed : 0 
2021-08-22 00:40:19,176 Number of testcases Skipped  : 0 
2021-08-22 00:40:19,176 Mail sending toggel is set to false 
2021-08-22 00:40:19,176 Mail sent : false 
2021-08-22 00:40:19,177 ************************** Test Execution Finished ************************************ 
2021-08-22 00:43:38,294 ************************** Test Execution Started ************************************ 
2021-08-22 00:43:40,636 Google search test: Test started 
2021-08-22 00:43:49,730 Google search test : Test Passed 
2021-08-22 00:43:50,220 Total number of testcases : 1 
2021-08-22 00:43:50,220 Number of testcases Passed : 1 
2021-08-22 00:43:50,220 Number of testcases Failed : 0 
2021-08-22 00:43:50,220 Number of testcases Skipped  : 0 
2021-08-22 00:43:50,221 Mail sending toggel is set to false 
2021-08-22 00:43:50,221 Mail sent : false 
2021-08-22 00:43:50,221 ************************** Test Execution Finished ************************************ 
2021-08-22 00:51:37,123 ************************** Test Execution Started ************************************ 
2021-08-22 00:51:39,193 Google search test: Test started 
2021-08-22 00:51:46,720 Google search test : Test Failed : expected [https://www.infogix.com/solutions/regulatory-compliance/] but found [https://www.infogix.com/building-data-trust-throughbuilding-successful-data-governance/] 
2021-08-22 00:51:47,227 Total number of testcases : 1 
2021-08-22 00:51:47,228 Number of testcases Passed : 0 
2021-08-22 00:51:47,228 Number of testcases Failed : 1 
2021-08-22 00:51:47,228 Number of testcases Skipped  : 0 
2021-08-22 00:51:47,229 Mail sending toggel is set to false 
2021-08-22 00:51:47,229 Mail sent : false 
2021-08-22 00:51:47,230 ************************** Test Execution Finished ************************************ 
2021-08-22 00:54:54,897 ************************** Test Execution Started ************************************ 
2021-08-22 00:54:57,379 Facebook login test: Test started 
2021-08-22 00:55:08,394 Facebook login test : Test Passed 
2021-08-22 00:55:09,865 URL Validate: Test started 
2021-08-22 00:55:18,345 URL Validate : Test Failed : expected [https://www.infogix.com/solutions/regulatory-compliance/] but found [https://www.infogix.com/building-data-trust-throughbuilding-successful-data-governance/] 
2021-08-22 00:55:18,840 Total number of testcases : 2 
2021-08-22 00:55:18,840 Number of testcases Passed : 1 
2021-08-22 00:55:18,840 Number of testcases Failed : 1 
2021-08-22 00:55:18,840 Number of testcases Skipped  : 0 
2021-08-22 00:55:18,841 Mail sending toggel is set to false 
2021-08-22 00:55:18,841 Mail sent : false 
2021-08-22 00:55:18,841 ************************** Test Execution Finished ************************************ 
2021-08-22 23:51:43,621 ************************** Test Execution Started ************************************ 
2021-08-22 23:51:46,471 Facebook login test: Test started 
2021-08-22 23:51:54,539 Facebook login test : Test Passed 
2021-08-22 23:51:55,610 URL Validate: Test started 
2021-08-22 23:52:01,144 URL Validate : Test Failed : expected [https://www.infogix.com/solutions/regulatory-compliance/] but found [https://www.infogix.com/building-data-trust-throughbuilding-successful-data-governance/] 
2021-08-22 23:52:01,819 Total number of testcases : 2 
2021-08-22 23:52:01,819 Number of testcases Passed : 1 
2021-08-22 23:52:01,819 Number of testcases Failed : 1 
2021-08-22 23:52:01,819 Number of testcases Skipped  : 0 
2021-08-22 23:52:01,819 Mail sending toggel is set to false 
2021-08-22 23:52:01,819 Mail sent : false 
2021-08-22 23:52:01,819 ************************** Test Execution Finished ************************************ 
2021-08-22 23:53:38,187 ************************** Test Execution Started ************************************ 
2021-08-22 23:53:39,402 URL Validate: Test started 
2021-08-22 23:53:44,962 URL Validate : Test Failed : expected [https://www.infogix.com/solutions/regulatory-compliance/] but found [https://www.infogix.com/building-data-trust-throughbuilding-successful-data-governance/] 
2021-08-22 23:53:50,368 Facebook login test: Test started 
2021-08-22 23:53:57,370 Facebook login test : Test Passed 
2021-08-22 23:54:02,027 Total number of testcases : 2 
2021-08-22 23:54:02,027 Number of testcases Passed : 1 
2021-08-22 23:54:02,027 Number of testcases Failed : 1 
2021-08-22 23:54:02,028 Number of testcases Skipped  : 0 
2021-08-22 23:54:02,028 Mail sending toggel is set to false 
2021-08-22 23:54:02,028 Mail sent : false 
2021-08-22 23:54:02,028 ************************** Test Execution Finished ************************************ 
2021-08-23 00:58:59,735 ************************** Test Execution Started ************************************ 
2021-08-23 00:59:01,103 URL Validate: Test started 
2021-08-23 00:59:07,515 URL Validate : Test Failed : expected [https://www.infogix.com/solutions/regulatory-compliance/] but found [https://www.infogix.com/building-data-trust-throughbuilding-successful-data-governance/] 
2021-08-23 00:59:11,935 Total number of testcases : 1 
2021-08-23 00:59:11,935 Number of testcases Passed : 0 
2021-08-23 00:59:11,935 Number of testcases Failed : 1 
2021-08-23 00:59:11,935 Number of testcases Skipped  : 0 
2021-08-23 00:59:11,936 Mail sending toggel is set to false 
2021-08-23 00:59:11,936 Mail sent : false 
2021-08-23 00:59:11,936 ************************** Test Execution Finished ************************************ 
